12/09/19 10:29:50 INFO Connecting to the database
12/09/19 10:29:50 INFO Connected to the mysql database 3.125.182.23
12/09/19 10:29:50 INFO Connected to the database
12/09/19 10:30:08 INFO creating the audit log table
12/09/19 10:30:08 INFO Audit log table is created and values inserted
12/09/19 10:30:08 INFO Converting XLS to CSV
12/09/19 10:30:08 INFO Checking the regular expressions for MD and GIT
12/09/19 10:30:08 INFO Verified regular expressions for MD and GIT
12/09/19 10:30:08 INFO Getting the greatest commit from the multiple commits
12/09/19 10:30:08 INFO defining the function to create the release branch
12/09/19 10:30:08 INFO defining the function to create the pre-release tag
12/09/19 10:30:08 INFO definitng the fuction to create the Tag in MD
12/09/19 10:30:08 INFO Running the release script....
12/09/19 10:30:48 INFO finished running release script...
12/09/19 10:30:48 INFO Entering into the Main Function
12/09/19 10:30:48 INFO Verified MCA Platform SW in discriptor
12/09/19 10:30:48 INFO The URL is https://github.build.ge.com/api/v3/repos/GET-MCA-PlatformServices/gets-diagnosticeventlogger/commits/a8bd44b94cfc4ec0d29eb3cd814ae358f06c555b
12/09/19 10:30:48 INFO The Repo Name is gets-diagnosticeventlogger
12/09/19 10:30:48 INFO The Commit Number is a8bd44b94cfc4ec0d29eb3cd814ae358f06c555b
12/09/19 10:30:48 INFO Got the greatest commit number from the multiple commits for gets-diagnosticeventlogger
12/09/19 10:30:48 INFO commit date for gets-diagnosticeventlogger
12/09/19 10:30:48 INFO Matched git list from the DEF_Changlist
12/09/19 10:30:48 INFO Verified MCA Platform SW in discriptor
12/09/19 10:30:48 INFO The URL is https://github.build.ge.com/api/v3/repos/GET-MCA-PlatformServices/gets-diagnosticeventlogger/commits/af7db78cc395c8c95d801913b4ca2929d4a6d5b1
12/09/19 10:30:48 INFO The Repo Name is gets-diagnosticeventlogger
12/09/19 10:30:48 INFO The Commit Number is af7db78cc395c8c95d801913b4ca2929d4a6d5b1
12/09/19 10:30:49 INFO Got the greatest commit number from the multiple commits for gets-diagnosticeventlogger
12/09/19 10:30:49 INFO commit date for gets-diagnosticeventlogger
12/09/19 10:30:49 INFO Matched git list from the DEF_Changlist
12/09/19 10:30:49 INFO Verified MCA Platform SW in discriptor
12/09/19 10:30:49 INFO The URL is https://github.build.ge.com/api/v3/repos/GET-MCA-PlatformServices/gets-container-service/commits/5dedd8f8ee898808644d8518c6b08472a5856196
12/09/19 10:30:49 INFO The Repo Name is gets-container-service
12/09/19 10:30:49 INFO The Commit Number is 5dedd8f8ee898808644d8518c6b08472a5856196
12/09/19 10:30:49 INFO Got the greatest commit number from the multiple commits for gets-container-service
12/09/19 10:30:49 INFO commit date for gets-container-service
12/09/19 10:30:49 INFO Matched git list from the DEF_Changlist
12/09/19 10:30:49 INFO Verified MCA Platform SW in discriptor
12/09/19 10:30:49 INFO The URL is https://github.build.ge.com/api/v3/repos/GET-MCA-PlatformServices/gets-config-base/commits/741a04948b06aece95e5bd1d4bace4a245ada34d
12/09/19 10:30:49 INFO The Repo Name is gets-config-base
12/09/19 10:30:49 INFO The Commit Number is 741a04948b06aece95e5bd1d4bace4a245ada34d
12/09/19 10:30:49 INFO Got the greatest commit number from the multiple commits for gets-config-base
12/09/19 10:30:49 INFO commit date for gets-config-base
12/09/19 10:30:49 INFO Matched git list from the DEF_Changlist
12/09/19 10:30:49 INFO Matched MD list from the DEF_Changlist
12/09/19 10:30:49 INFO The URL is https://3.125.182.117:8111/osmc/resources/e3ac899c-040c-4267-848a-05a30b10564c/tags
12/09/19 10:30:49 INFO The Project ID is e3ac899c-040c-4267-848a-05a30b10564c
12/09/19 10:30:49 INFO The Commit Number is 810
12/09/19 10:30:50 INFO created Tag successfully for version 810
12/09/19 10:30:50 INFO created Tag successfully for version 810
12/09/19 10:30:50 INFO calling the python script to insert the values into database
12/09/19 10:30:50 INFO Dataframe for Release Branch
12/09/19 10:30:50 INFO Creating Release Branch System Architecture
12/09/19 10:30:50 INFO The URL is https://github.build.ge.com/api/v3/repos/GET-MCA-PlatformServices/gets-diagnosticeventlogger/git/refs
12/09/19 10:30:50 INFO The Repo Name is gets-diagnosticeventlogger
12/09/19 10:30:50 INFO The Commit Number is a8bd44b94cfc4ec0d29eb3cd814ae358f06c555b
12/09/19 10:30:51 INFO The URL is https://github.build.ge.com/api/v3/repos/GET-MCA-PlatformServices/gets-diagnosticeventlogger/releases
12/09/19 10:30:51 INFO The Repo Name is gets-diagnosticeventlogger
12/09/19 10:30:51 INFO The Commit Number is a8bd44b94cfc4ec0d29eb3cd814ae358f06c555b
12/09/19 10:30:51 INFO Pre-release Tag is created for gets-diagnosticeventlogger
12/09/19 10:30:51 INFO created release branch successfully for repo gets-diagnosticeventlogger
12/09/19 10:30:51 INFO calling the python script to insert the values into database
12/09/19 10:30:52 INFO Creating Release Branch gets-diagnosticeventlogger
12/09/19 10:30:52 INFO The URL is https://github.build.ge.com/api/v3/repos/GET-MCA-PlatformServices/gets-container-service/git/refs
12/09/19 10:30:52 INFO The Repo Name is gets-container-service
12/09/19 10:30:52 INFO The Commit Number is 5dedd8f8ee898808644d8518c6b08472a5856196
12/09/19 10:30:52 INFO The URL is https://github.build.ge.com/api/v3/repos/GET-MCA-PlatformServices/gets-container-service/releases
12/09/19 10:30:52 INFO The Repo Name is gets-container-service
12/09/19 10:30:52 INFO The Commit Number is 5dedd8f8ee898808644d8518c6b08472a5856196
12/09/19 10:30:53 INFO Pre-release Tag is created for gets-container-service
12/09/19 10:30:53 INFO created release branch successfully for repo gets-container-service
12/09/19 10:30:53 INFO calling the python script to insert the values into database
12/09/19 10:30:53 INFO Creating Release Branch gets-container-service
12/09/19 10:30:53 INFO The URL is https://github.build.ge.com/api/v3/repos/GET-MCA-PlatformServices/gets-config-base/git/refs
12/09/19 10:30:53 INFO The Repo Name is gets-config-base
12/09/19 10:30:53 INFO The Commit Number is 741a04948b06aece95e5bd1d4bace4a245ada34d
12/09/19 10:30:54 INFO The URL is https://github.build.ge.com/api/v3/repos/GET-MCA-PlatformServices/gets-config-base/releases
12/09/19 10:30:54 INFO The Repo Name is gets-config-base
12/09/19 10:30:54 INFO The Commit Number is 741a04948b06aece95e5bd1d4bace4a245ada34d
12/09/19 10:30:54 INFO Pre-release Tag is created for gets-config-base
12/09/19 10:30:54 INFO created release branch successfully for repo gets-config-base
12/09/19 10:30:54 INFO calling the python script to insert the values into database
